<?xml version="1.0" encoding="UTF-8"?>
<!-- Generated by org.testng.reporters.JUnitXMLReporter -->
<testsuite ignored="0" hostname="manpreet-5.local" failures="1" tests="1" name="General" time="12.44" errors="0" timestamp="30 May 2020 14:40:20 GMT">
  <testcase classname="Login" name="selectLanguage" time="0.0">
    <failure type="org.testng.TestNGException" message="
Cannot inject @Test annotated Method [selectLanguage] with [class java.lang.String].
For more information on native dependency injection please refer to http://testng.org/doc/documentation-main.html#native-dependency-injection">
      <![CDATA[org.testng.TestNGException: 
Cannot inject @Test annotated Method [selectLanguage] with [class java.lang.String].
For more information on native dependency injection please refer to http://testng.org/doc/documentation-main.html#native-dependency-injection
... Removed 28 stack frames]]>
    </failure>
  </testcase> <!-- selectLanguage -->
</testsuite> <!-- General -->
